---
Process started at 05/02/2014 - 10:40:59
Process ended at 05/02/2014 - 10:42:08
---
---
Process started at 05/02/2014 - 10:44:35
Process ended at 05/02/2014 - 10:44:59
---
---
Process started at 05/02/2014 - 10:46:10
Process ended at 05/02/2014 - 10:49:21
---
---
Process started at 05/02/2014 - 11:00:15
Process ended at 05/02/2014 - 11:00:16
---
---
Process started at 09/02/2014 - 15:11:28
Process ended at 09/02/2014 - 15:11:34
Error: Unable to connect to the ArcGIS Server site on Laptop-SFW. Please check if the server is running.
---

Process ended at 09/02/2014 - 15:11:40
Error: Unable to connect to the ArcGIS Server site on Laptop-SFW. Please check if the server is running.
---

Process ended at 09/02/2014 - 15:11:46
Error: Unable to connect to the ArcGIS Server site on Laptop-SFW. Please check if the server is running.
---

Process ended at 09/02/2014 - 15:11:46
Error: Please define a ArcGIS Server site backup file.
---

Process ended at 09/02/2014 - 15:11:52
Error: Unable to connect to the ArcGIS Server site on Laptop-SFW. Please check if the server is running.
---

Process ended at 09/02/2014 - 15:11:58
Error: Unable to connect to the ArcGIS Server site on Laptop-SFW. Please check if the server is running.
---

Process ended at 09/02/2014 - 15:11:58
---
